<?xml version="1.0" encoding="UTF-8"?>
<testsuite xmlns:xsi="http://www.w3.org/2001/XMLSchema-instance" xsi:noNamespaceSchemaLocation="https://maven.apache.org/surefire/maven-surefire-plugin/xsd/surefire-test-report.xsd" name="com.objis.demomaven.AppTest" time="0.088" tests="1" errors="0" skipped="0" failures="0">
  <properties>
    <property name="sun.desktop" value="windows"/>
    <property name="awt.toolkit" value="sun.awt.windows.WToolkit"/>
    <property name="java.specification.version" value="11"/>
    <property name="sun.cpu.isalist" value="amd64"/>
    <property name="sun.jnu.encoding" value="Cp1252"/>
    <property name="java.class.path" value="C:\Users\orsys\orsys\monappli\monappli-domaine\target\test-classes;C:\Users\orsys\orsys\monappli\monappli-domaine\target\classes;C:\Users\orsys\.m2\repository\junit\junit\4.11\junit-4.11.jar;C:\Users\orsys\.m2\repository\org\hamcrest\hamcrest-core\1.3\hamcrest-core-1.3.jar;"/>
    <property name="java.vm.vendor" value="Oracle Corporation"/>
    <property name="sun.arch.data.model" value="64"/>
    <property name="user.variant" value=""/>
    <property name="java.vendor.url" value="http://java.oracle.com/"/>
    <property name="user.timezone" value="GMT+01:00"/>
    <property name="java.vm.specification.version" value="11"/>
    <property name="os.name" value="Windows 10"/>
    <property name="sun.java.launcher" value="SUN_STANDARD"/>
    <property name="user.country" value="FR"/>
    <property name="sun.boot.library.path" value="C:\Program Files\Java\jdk-11.0.5\bin"/>
    <property name="sun.java.command" value="C:\Users\orsys\AppData\Local\Temp\surefire7970454810243715283\surefirebooter13010978013606076669.jar C:\Users\orsys\AppData\Local\Temp\surefire7970454810243715283 2023-04-05T09-20-15_366-jvmRun1 surefire6969477653907317395tmp surefire_011621715489275959767tmp"/>
    <property name="jdk.debug" value="release"/>
    <property name="surefire.test.class.path" value="C:\Users\orsys\orsys\monappli\monappli-domaine\target\test-classes;C:\Users\orsys\orsys\monappli\monappli-domaine\target\classes;C:\Users\orsys\.m2\repository\junit\junit\4.11\junit-4.11.jar;C:\Users\orsys\.m2\repository\org\hamcrest\hamcrest-core\1.3\hamcrest-core-1.3.jar;"/>
    <property name="sun.cpu.endian" value="little"/>
    <property name="user.home" value="C:\Users\orsys"/>
    <property name="user.language" value="fr"/>
    <property name="java.specification.vendor" value="Oracle Corporation"/>
    <property name="java.version.date" value="2019-10-15"/>
    <property name="java.home" value="C:\Program Files\Java\jdk-11.0.5"/>
    <property name="file.separator" value="\"/>
    <property name="basedir" value="C:\Users\orsys\orsys\monappli\monappli-domaine"/>
    <property name="java.vm.compressedOopsMode" value="32-bit"/>
    <property name="line.separator" value="&#10;"/>
    <property name="java.specification.name" value="Java Platform API Specification"/>
    <property name="java.vm.specification.vendor" value="Oracle Corporation"/>
    <property name="java.awt.graphicsenv" value="sun.awt.Win32GraphicsEnvironment"/>
    <property name="surefire.real.class.path" value="C:\Users\orsys\AppData\Local\Temp\surefire7970454810243715283\surefirebooter13010978013606076669.jar"/>
    <property name="user.script" value=""/>
    <property name="sun.management.compiler" value="HotSpot 64-Bit Tiered Compilers"/>
    <property name="java.runtime.version" value="11.0.5+10-LTS"/>
    <property name="user.name" value="orsys"/>
    <property name="path.separator" value=";"/>
    <property name="os.version" value="10.0"/>
    <property name="java.runtime.name" value="Java(TM) SE Runtime Environment"/>
    <property name="file.encoding" value="Cp1252"/>
    <property name="java.vm.name" value="Java HotSpot(TM) 64-Bit Server VM"/>
    <property name="java.vendor.version" value="18.9"/>
    <property name="localRepository" value="C:\Users\orsys\.m2\repository"/>
    <property name="java.vendor.url.bug" value="http://bugreport.java.com/bugreport/"/>
    <property name="java.io.tmpdir" value="C:\Users\orsys\AppData\Local\Temp\"/>
    <property name="java.version" value="11.0.5"/>
    <property name="user.dir" value="C:\Users\orsys\orsys\monappli\monappli-domaine"/>
    <property name="os.arch" value="amd64"/>
    <property name="java.vm.specification.name" value="Java Virtual Machine Specification"/>
    <property name="java.awt.printerjob" value="sun.awt.windows.WPrinterJob"/>
    <property name="sun.os.patch.level" value=""/>
    <property name="java.library.path" value="C:\Program Files\Java\jdk-11.0.5\bin;C:\Windows\Sun\Java\bin;C:\Windows\system32;C:\Windows;C:\opt\apache-maven-3.5.3\/bin;C:\Program Files\Java\jdk-11.0.5/bin;C:\Program Files\Java\jdk-11.0.5/bin;C:\Program Files\Python311\Scripts\;C:\Program Files\Python311\;C:\anaconda3-5.2.0;C:\anaconda3-5.2.0\Library\mingw-w64\bin;C:\anaconda3-5.2.0\Library\usr\bin;C:\anaconda3-5.2.0\Library\bin;C:\anaconda3-5.2.0\Scripts;C:\opt\Python36-32\Scripts\;C:\opt\Python36-32\;C:\Windows\system32;C:\Windows;C:\Windows\System32\Wbem;C:\Windows\System32\WindowsPowerShell\v1.0\;C:\opt\apache-ant-1.9.10\bin;C:\opt\nodejs\node_modules\npm;C:\Program Files\Git\cmd;C:\opt\Ruby25-x64\bin;C:\Program Files\GitHubDesktop\bin;C:\Program Files\atom\bin;C:\Program Files (x86)\Bitvise SSH Client;C:\opt\glassfish5\bin;C:\Program Files\jEdit;C:\opt\apache-jmeter-4.0\bin;C:\Program Files\Microsoft SQL Server\130\Tools\Binn\;C:\opt\play-java-starter-example\sbt-dist\bin;C:\Program Files\PuTTY\;C:\Program Files (x86)\Rational\common;C:\opt\apache-maven-3.5.3\bin;C:\Program Files\Microsoft VS Code\bin;C:\Program Files\TortoiseSVN\bin;C:\opt\MinGW\bin;C:\Windows\System32\OpenSSH\;C:\Program Files\Java\jdk-11.0.5\bin;C:\Program Files\Go\bin;C:\Program Files\nodejs\;C:\ProgramData\chocolatey\bin;;C:\Program Files\Docker\Docker\resources\bin;C:\Users\orsys\AppData\Local\Microsoft\WindowsApps;;C:\Users\orsys\AppData\Local\Microsoft\WindowsApps;C:\Users\orsys\go\bin;C:\Users\orsys\AppData\Roaming\npm;."/>
    <property name="java.vendor" value="Oracle Corporation"/>
    <property name="java.vm.info" value="mixed mode"/>
    <property name="java.vm.version" value="11.0.5+10-LTS"/>
    <property name="sun.io.unicode.encoding" value="UnicodeLittle"/>
    <property name="java.class.version" value="55.0"/>
  </properties>
  <testcase name="shouldAnswerWithTrue" classname="com.objis.demomaven.AppTest" time="0.003"/>
</testsuite>